<?xml version="1.0" encoding="UTF-8"?>
<testng-results ignored="0" total="1" passed="1" failed="0" skipped="0">
  <reporter-output>
  </reporter-output>
  <suite started-at="2024-01-31T19:28:13 EST" name="Default suite" finished-at="2024-01-31T19:28:21 EST" duration-ms="8037">
    <groups>
    </groups>
    <test started-at="2024-01-31T19:28:13 EST" name="Default test" finished-at="2024-01-31T19:28:21 EST" duration-ms="8037">
      <class name="com.webdriveruniversity.test.TodoList">
        <test-method signature="checkingTodolist()[pri:0, instance:com.webdriveruniversity.test.TodoList@194bcebf]" started-at="2024-01-31T19:28:13 EST" name="checkingTodolist" finished-at="2024-01-31T19:28:21 EST" duration-ms="7973" status="PASS">
          <reporter-output>
          </reporter-output>
        </test-method> <!-- checkingTodolist -->
      </class> <!-- com.webdriveruniversity.test.TodoList -->
    </test> <!-- Default test -->
  </suite> <!-- Default suite -->
</testng-results>
