<?xml version="1.0" encoding="UTF-8"?>
<testng-results ignored="0" total="1" passed="1" failed="0" skipped="0">
  <reporter-output>
  </reporter-output>
  <suite started-at="2024-01-30T13:00:04 EST" name="Default suite" finished-at="2024-01-30T13:00:13 EST" duration-ms="9574">
    <groups>
    </groups>
    <test started-at="2024-01-30T13:00:04 EST" name="Default test" finished-at="2024-01-30T13:00:13 EST" duration-ms="9574">
      <class name="com.webdriveruniversity.test.ContactUs">
        <test-method signature="clickContact()[pri:0, instance:com.webdriveruniversity.test.ContactUs@194bcebf]" started-at="2024-01-30T13:00:04 EST" name="clickContact" finished-at="2024-01-30T13:00:13 EST" duration-ms="9475" status="PASS">
          <reporter-output>
          </reporter-output>
        </test-method> <!-- clickContact -->
      </class> <!-- com.webdriveruniversity.test.ContactUs -->
    </test> <!-- Default test -->
  </suite> <!-- Default suite -->
</testng-results>
